<?xml version="1.0" encoding="UTF-8"?>
<testsuite name="VisitorTest" tests="1" skipped="0" failures="0" errors="0" timestamp="2020-02-07T08:20:53" hostname="recruit-ThinkCentre-M73" time="0.031">
  <properties/>
  <testcase name="load()" classname="VisitorTest" time="0.031"/>
  <system-out><![CDATA[2020/02/07 10:20:53
Name: Alice
 Age: 26
 Date: 2020/02/07 10:15:59
 Comment: Well Done
 Assisted by: Vhambe Vhambelani
]]></system-out>
  <system-err><![CDATA[]]></system-err>
</testsuite>
